11:36:30.905 [main] INFO  testCases.TC001_AccountRegistrationTest - Validating Expected message
11:36:31.145 [main] INFO  testCases.TC001_AccountRegistrationTest - *******  Finished TC001_AccountRegistrationTest  *******
11:36:50.958 [main] INFO  testCases.TC002_LoginTest - *********  Starting TC_002_LoginTest *******
11:36:51.151 [main] INFO  testCases.TC002_LoginTest - Clicked MyAccount
11:36:52.500 [main] INFO  testCases.TC002_LoginTest - Clicked MyAccount
11:36:52.502 [main] INFO  testCases.TC002_LoginTest - Providing login details
11:36:53.971 [main] INFO  testCases.TC002_LoginTest - Verifying Myaccount Page
11:36:55.114 [main] INFO  testCases.TC002_LoginTest - *********  Finished TC_002_LoginTest *******
15:04:05.010 [main] DEBUG org.testng.TestNG - suiteXmlPath: "E:\Java_Practice\OpenCartv1\master.xml"
15:05:43.452 [main] INFO  testCases.TC001_AccountRegistrationTest - *******  Starting TC001_AccountRegistrationTest  *******
15:05:53.857 [main] INFO  testCases.TC001_AccountRegistrationTest - Clicked on Account link
15:06:02.356 [main] INFO  testCases.TC001_AccountRegistrationTest - Clicked on Register link
15:06:02.360 [main] INFO  testCases.TC001_AccountRegistrationTest - Providing Customer Details
15:06:21.067 [main] INFO  testCases.TC001_AccountRegistrationTest - Validating Expected message
15:06:21.868 [main] INFO  testCases.TC001_AccountRegistrationTest - *******  Finished TC001_AccountRegistrationTest  *******
15:07:16.638 [main] INFO  testCases.TC002_LoginTest - *********  Starting TC_002_LoginTest *******
15:07:16.807 [main] INFO  testCases.TC002_LoginTest - Clicked MyAccount
15:07:19.109 [main] INFO  testCases.TC002_LoginTest - Clicked MyAccount
15:07:19.113 [main] INFO  testCases.TC002_LoginTest - Providing login details
15:07:20.525 [main] INFO  testCases.TC002_LoginTest - Verifying Myaccount Page
15:07:20.618 [main] INFO  testCases.TC002_LoginTest - *********  Finished TC_002_LoginTest *******
15:17:35.880 [main] DEBUG org.testng.TestNG - suiteXmlPath: "E:\Java_Practice\OpenCartv1\master.xml"
15:18:06.372 [main] INFO  testCases.TC001_AccountRegistrationTest - *******  Starting TC001_AccountRegistrationTest  *******
15:18:08.485 [main] INFO  testCases.TC001_AccountRegistrationTest - Clicked on Account link
15:18:10.761 [main] INFO  testCases.TC001_AccountRegistrationTest - Clicked on Register link
15:18:10.863 [main] INFO  testCases.TC001_AccountRegistrationTest - Providing Customer Details
15:18:15.066 [main] INFO  testCases.TC001_AccountRegistrationTest - Validating Expected message
15:18:15.293 [main] INFO  testCases.TC001_AccountRegistrationTest - *******  Finished TC001_AccountRegistrationTest  *******
15:18:29.673 [main] INFO  testCases.TC002_LoginTest - *********  Starting TC_002_LoginTest *******
15:18:29.894 [main] INFO  testCases.TC002_LoginTest - Clicked MyAccount
15:18:30.584 [main] INFO  testCases.TC002_LoginTest - Clicked MyAccount
15:18:30.584 [main] INFO  testCases.TC002_LoginTest - Providing login details
15:18:31.223 [main] INFO  testCases.TC002_LoginTest - Verifying Myaccount Page
15:18:32.146 [main] INFO  testCases.TC002_LoginTest - *********  Finished TC_002_LoginTest *******
