12:24:09.142 [main] INFO  org.testng.internal.Utils - [Utils] MethodGroupsHelper.collectMethodsByGroup() took 1 ms.
12:24:09.151 [main] INFO  org.testng.internal.Utils - [Utils] MethodGroupsHelper.sortMethods() took 3 ms.
12:24:09.154 [main] INFO  org.testng.internal.Utils - [Utils] MethodGroupsHelper.collectMethodsByGroup() took 0 ms.
12:24:09.155 [main] INFO  org.testng.internal.Utils - [Utils] MethodGroupsHelper.sortMethods() took 0 ms.
12:24:09.156 [main] INFO  org.testng.internal.Utils - [Utils] MethodGroupsHelper.collectMethodsByGroup() took 0 ms.
12:24:09.156 [main] INFO  org.testng.internal.Utils - [Utils] MethodGroupsHelper.sortMethods() took 0 ms.
12:24:09.158 [main] INFO  org.testng.internal.Utils - [Utils] MethodGroupsHelper.collectMethodsByGroup() took 0 ms.
12:24:09.159 [main] INFO  org.testng.internal.Utils - [Utils] MethodGroupsHelper.sortMethods() took 0 ms.
12:24:09.175 [main] INFO  org.testng.internal.Utils - [Utils] MethodGroupsHelper.collectMethodsByGroup() took 12 ms.
12:24:09.197 [main] INFO  org.testng.internal.Utils - [Utils] MethodGroupsHelper.sortMethods() took 22 ms.
12:24:09.199 [main] INFO  org.testng.internal.Utils - [Utils] MethodGroupsHelper.collectMethodsByGroup() took 0 ms.
12:24:09.200 [main] INFO  org.testng.internal.Utils - [Utils] MethodGroupsHelper.sortMethods() took 0 ms.
12:24:09.202 [main] INFO  org.testng.internal.Utils - [Utils] MethodGroupsHelper.collectMethodsByGroup() took 0 ms.
12:24:09.203 [main] INFO  org.testng.internal.Utils - [Utils] MethodGroupsHelper.sortMethods() took 0 ms.
12:24:09.204 [main] INFO  org.testng.internal.Utils - [Utils] MethodGroupsHelper.collectMethodsByGroup() took 0 ms.
12:24:09.204 [main] INFO  org.testng.internal.Utils - [Utils] MethodGroupsHelper.sortMethods() took 0 ms.
12:24:09.208 [main] INFO  org.testng.internal.Utils - [Utils] MethodGroupsHelper.collectMethodsByGroup() took 0 ms.
12:24:09.208 [main] INFO  org.testng.internal.Utils - [Utils] MethodGroupsHelper.sortMethods() took 0 ms.
12:24:09.209 [main] INFO  org.testng.internal.Utils - [Utils] MethodGroupsHelper.collectMethodsByGroup() took 0 ms.
12:24:09.210 [main] INFO  org.testng.internal.Utils - [Utils] MethodGroupsHelper.sortMethods() took 1 ms.
12:24:09.215 [main] INFO  org.testng.internal.Utils - [Utils] MethodGroupsHelper.collectMethodsByGroup() took 0 ms.
12:24:09.215 [main] INFO  org.testng.internal.Utils - [Utils] MethodGroupsHelper.sortMethods() took 0 ms.
12:24:09.215 [main] INFO  org.testng.internal.Utils - [Utils] MethodGroupsHelper.collectMethodsByGroup() took 0 ms.
12:24:09.216 [main] INFO  org.testng.internal.Utils - [Utils] MethodGroupsHelper.sortMethods() took 0 ms.
12:24:09.217 [main] INFO  org.testng.internal.Utils - [Utils] MethodGroupsHelper.collectMethodsByGroup() took 0 ms.
12:24:09.218 [main] INFO  org.testng.internal.Utils - [Utils] MethodGroupsHelper.sortMethods() took 0 ms.
12:24:09.221 [main] INFO  org.testng.internal.Utils - [Utils] MethodGroupsHelper.collectMethodsByGroup() took 0 ms.
12:24:09.221 [main] INFO  org.testng.internal.Utils - [Utils] MethodGroupsHelper.sortMethods() took 0 ms.
12:24:09.221 [main] INFO  org.testng.internal.Utils - [Utils] MethodGroupsHelper.collectMethodsByGroup() took 0 ms.
12:24:09.221 [main] INFO  org.testng.internal.Utils - [Utils] MethodGroupsHelper.sortMethods() took 0 ms.
12:24:09.233 [main] INFO  org.testng.internal.Utils - [TestNG] Running:
  C:\Users\SAMEER\AppData\Local\Temp\testng-eclipse--839093016\testng-customsuite.xml

12:24:09.264 [main] INFO  org.testng.internal.Utils - [Utils] DynamicGraphHelper.createDynamicGraph() took 9 ms.
12:25:56.995 [main] INFO  testCases.TC001_AccountRegistrationTest - *******  Starting TC001_AccountRegistrationTest  *******
12:26:00.550 [main] INFO  testCases.TC001_AccountRegistrationTest - Clicked on Account link
12:26:03.273 [main] INFO  testCases.TC001_AccountRegistrationTest - Clicked on Register link
12:26:03.369 [main] INFO  testCases.TC001_AccountRegistrationTest - Providing Customer Details
12:26:10.508 [main] INFO  testCases.TC001_AccountRegistrationTest - Validating Expected message
12:26:10.822 [main] INFO  testCases.TC001_AccountRegistrationTest - *******  Finished TC001_AccountRegistrationTest  *******
12:26:15.930 [main] INFO  org.testng.internal.Utils - [TestNG] Time taken by org.testng.reporters.jq.Main@4e628b52: 430 ms
12:26:15.932 [main] INFO  org.testng.internal.Utils - [TestNG] Time taken by org.testng.reporters.FailedReporter@15fa55a6: 2 ms
12:26:15.951 [main] INFO  org.testng.internal.Utils - [TestNG] Time taken by org.testng.reporters.XMLReporter@281f23f2: 18 ms
12:26:15.965 [main] INFO  org.testng.internal.Utils - [TestNG] Time taken by org.testng.reporters.EmailableReporter2@250b236d: 14 ms
12:26:16.000 [main] INFO  org.testng.internal.Utils - [TestNG] Time taken by org.testng.reporters.JUnitReportReporter@63da207f: 34 ms
12:26:16.001 [main] INFO  org.testng.internal.Utils - [TestNG] Time taken by org.testng.internal.ExitCodeListener@173373b4: 0 ms
20:32:06.046 [main] DEBUG org.testng.TestNG - suiteXmlPath: "E:\Java_Practice\OpenCartv1\master.xml"
20:32:08.755 [main] INFO  org.testng.internal.Utils - [TestNG] Running:
  E:\Java_Practice\OpenCartv1\master.xml

20:32:38.086 [main] INFO  testCases.TC001_AccountRegistrationTest - *******  Starting TC001_AccountRegistrationTest  *******
20:32:39.484 [main] INFO  testCases.TC001_AccountRegistrationTest - Clicked on Account link
20:32:41.121 [main] INFO  testCases.TC001_AccountRegistrationTest - Clicked on Register link
20:32:41.229 [main] INFO  testCases.TC001_AccountRegistrationTest - Providing Customer Details
20:32:44.317 [main] INFO  testCases.TC001_AccountRegistrationTest - Validating Expected message
20:32:44.601 [main] INFO  testCases.TC001_AccountRegistrationTest - *******  Finished TC001_AccountRegistrationTest  *******
09:42:20.325 [main] DEBUG org.testng.TestNG - suiteXmlPath: "E:\Java_Practice\OpenCartv1\crossbrowsing.xml"
09:42:21.615 [main] INFO  org.testng.internal.Utils - [TestNG] Running:
  E:\Java_Practice\OpenCartv1\crossbrowsing.xml

09:43:58.784 [TestNG-tests-1] INFO  testCases.TC001_AccountRegistrationTest - *******  Starting TC001_AccountRegistrationTest  *******
09:44:00.563 [TestNG-tests-1] INFO  testCases.TC001_AccountRegistrationTest - Clicked on Account link
09:44:03.605 [TestNG-tests-1] INFO  testCases.TC001_AccountRegistrationTest - Clicked on Register link
09:44:04.229 [TestNG-tests-1] INFO  testCases.TC001_AccountRegistrationTest - Providing Customer Details
09:44:08.087 [TestNG-tests-1] INFO  testCases.TC001_AccountRegistrationTest - Validating Expected message
09:44:08.585 [TestNG-tests-1] INFO  testCases.TC001_AccountRegistrationTest - *******  Finished TC001_AccountRegistrationTest  *******
10:01:12.261 [main] DEBUG org.testng.TestNG - suiteXmlPath: "E:\Java_Practice\OpenCartv1\crossbrowsing.xml"
10:01:15.794 [main] INFO  org.testng.internal.Utils - [TestNG] Running:
  E:\Java_Practice\OpenCartv1\crossbrowsing.xml

10:02:01.480 [TestNG-tests-2] INFO  testCases.TC001_AccountRegistrationTest - *******  Starting TC001_AccountRegistrationTest  *******
10:02:04.064 [TestNG-tests-2] INFO  testCases.TC001_AccountRegistrationTest - Clicked on Account link
10:02:09.126 [TestNG-tests-2] INFO  testCases.TC001_AccountRegistrationTest - Clicked on Register link
10:02:09.208 [TestNG-tests-2] INFO  testCases.TC001_AccountRegistrationTest - Providing Customer Details
10:02:19.541 [TestNG-tests-2] INFO  testCases.TC001_AccountRegistrationTest - Validating Expected message
10:02:19.868 [TestNG-tests-2] INFO  testCases.TC001_AccountRegistrationTest - *******  Finished TC001_AccountRegistrationTest  *******
10:03:00.746 [TestNG-tests-1] INFO  testCases.TC001_AccountRegistrationTest - *******  Starting TC001_AccountRegistrationTest  *******
10:03:03.828 [TestNG-tests-1] INFO  testCases.TC001_AccountRegistrationTest - Clicked on Account link
10:03:05.786 [TestNG-tests-1] INFO  testCases.TC001_AccountRegistrationTest - Clicked on Register link
10:03:05.792 [TestNG-tests-1] INFO  testCases.TC001_AccountRegistrationTest - Providing Customer Details
10:03:09.610 [TestNG-tests-1] INFO  testCases.TC001_AccountRegistrationTest - Validating Expected message
10:03:09.779 [TestNG-tests-1] INFO  testCases.TC001_AccountRegistrationTest - *******  Finished TC001_AccountRegistrationTest  *******
16:45:03.232 [main] DEBUG org.testng.TestNG - suiteXmlPath: "E:\Java_Practice\OpenCartv1\master.xml"
16:45:04.182 [main] INFO  org.testng.internal.Utils - [TestNG] Running:
  E:\Java_Practice\OpenCartv1\master.xml

16:46:15.674 [main] INFO  testCases.TC002_LoginTest - *********  Starting TC_002_LoginTest *******
16:46:16.457 [main] INFO  testCases.TC002_LoginTest - Clicked MyAccount
16:46:17.311 [main] INFO  testCases.TC002_LoginTest - Clicked MyAccount
16:46:17.311 [main] INFO  testCases.TC002_LoginTest - Providing login details
16:46:19.178 [main] INFO  testCases.TC002_LoginTest - Verifying Myaccount Page
16:46:29.478 [main] ERROR testCases.TC002_LoginTest - Test failed
16:46:29.479 [main] DEBUG testCases.TC002_LoginTest - Debug logs
17:02:15.458 [main] DEBUG org.testng.TestNG - suiteXmlPath: "E:\Java_Practice\OpenCartv1\master.xml"
17:02:16.268 [main] INFO  org.testng.internal.Utils - [TestNG] Running:
  E:\Java_Practice\OpenCartv1\master.xml

17:02:40.868 [main] INFO  testCases.TC002_LoginTest - *********  Starting TC_002_LoginTest *******
17:02:42.232 [main] INFO  testCases.TC002_LoginTest - Clicked MyAccount
17:02:42.707 [main] INFO  testCases.TC002_LoginTest - Clicked MyAccount
17:02:42.708 [main] INFO  testCases.TC002_LoginTest - Providing login details
17:02:44.736 [main] INFO  testCases.TC002_LoginTest - Verifying Myaccount Page
17:02:44.992 [main] INFO  testCases.TC002_LoginTest - *********  Finished TC_002_LoginTest *******
20:12:10.983 [main] DEBUG org.testng.TestNG - suiteXmlPath: "E:\Java_Practice\OpenCartv1\master.xml"
20:13:34.823 [main] DEBUG org.testng.TestNG - suiteXmlPath: "E:\Java_Practice\OpenCartv1\master.xml"
20:13:35.367 [main] INFO  org.testng.internal.Utils - [TestNG] Running:
  E:\Java_Practice\OpenCartv1\master.xml

20:17:55.708 [main] DEBUG org.testng.TestNG - suiteXmlPath: "E:\Java_Practice\OpenCartv1\master.xml"
20:17:56.224 [main] INFO  org.testng.internal.Utils - [TestNG] Running:
  E:\Java_Practice\OpenCartv1\master.xml

20:33:46.645 [main] DEBUG org.testng.TestNG - suiteXmlPath: "E:\Java_Practice\OpenCartv1\master.xml"
20:33:47.179 [main] INFO  org.testng.internal.Utils - [TestNG] Running:
  E:\Java_Practice\OpenCartv1\master.xml

20:36:11.062 [main] DEBUG org.testng.TestNG - suiteXmlPath: "E:\Java_Practice\OpenCartv1\master.xml"
20:36:11.582 [main] INFO  org.testng.internal.Utils - [TestNG] Running:
  E:\Java_Practice\OpenCartv1\master.xml

20:38:31.740 [main] DEBUG org.testng.TestNG - suiteXmlPath: "E:\Java_Practice\OpenCartv1\master.xml"
20:38:32.233 [main] INFO  org.testng.internal.Utils - [TestNG] Running:
  E:\Java_Practice\OpenCartv1\master.xml

20:38:55.308 [main] DEBUG org.apache.poi.openxml4j.opc.PackageRelationshipCollection - Parsing relationship: /xl/_rels/workbook.xml.rels
20:38:55.314 [main] DEBUG org.apache.poi.openxml4j.opc.PackageRelationshipCollection - Parsing relationship: /xl/worksheets/_rels/sheet2.xml.rels
20:38:55.316 [main] DEBUG org.apache.poi.openxml4j.opc.PackageRelationshipCollection - Parsing relationship: /xl/worksheets/_rels/sheet3.xml.rels
20:38:55.321 [main] DEBUG org.apache.poi.openxml4j.opc.PackageRelationshipCollection - Parsing relationship: /_rels/.rels
20:38:57.643 [main] DEBUG org.apache.poi.ooxml.POIXMLFactory - using default POIXMLDocumentPart for http://schemas.openxmlformats.org/officeDocument/2006/relationships/printerSettings
20:38:57.999 [main] DEBUG org.apache.poi.openxml4j.opc.PackageRelationshipCollection - Parsing relationship: /xl/_rels/workbook.xml.rels
20:38:58.001 [main] DEBUG org.apache.poi.openxml4j.opc.PackageRelationshipCollection - Parsing relationship: /xl/worksheets/_rels/sheet2.xml.rels
20:38:58.003 [main] DEBUG org.apache.poi.openxml4j.opc.PackageRelationshipCollection - Parsing relationship: /xl/worksheets/_rels/sheet3.xml.rels
20:38:58.005 [main] DEBUG org.apache.poi.openxml4j.opc.PackageRelationshipCollection - Parsing relationship: /_rels/.rels
20:38:58.093 [main] DEBUG org.apache.poi.ooxml.POIXMLFactory - using default POIXMLDocumentPart for http://schemas.openxmlformats.org/officeDocument/2006/relationships/printerSettings
20:38:58.135 [main] DEBUG org.apache.poi.openxml4j.opc.PackageRelationshipCollection - Parsing relationship: /xl/_rels/workbook.xml.rels
20:38:58.137 [main] DEBUG org.apache.poi.openxml4j.opc.PackageRelationshipCollection - Parsing relationship: /xl/worksheets/_rels/sheet2.xml.rels
20:38:58.139 [main] DEBUG org.apache.poi.openxml4j.opc.PackageRelationshipCollection - Parsing relationship: /xl/worksheets/_rels/sheet3.xml.rels
20:38:58.141 [main] DEBUG org.apache.poi.openxml4j.opc.PackageRelationshipCollection - Parsing relationship: /_rels/.rels
20:38:58.167 [main] DEBUG org.apache.poi.ooxml.POIXMLFactory - using default POIXMLDocumentPart for http://schemas.openxmlformats.org/officeDocument/2006/relationships/printerSettings
20:38:58.218 [main] DEBUG org.apache.poi.openxml4j.opc.PackageRelationshipCollection - Parsing relationship: /xl/_rels/workbook.xml.rels
20:38:58.221 [main] DEBUG org.apache.poi.openxml4j.opc.PackageRelationshipCollection - Parsing relationship: /xl/worksheets/_rels/sheet2.xml.rels
20:38:58.222 [main] DEBUG org.apache.poi.openxml4j.opc.PackageRelationshipCollection - Parsing relationship: /xl/worksheets/_rels/sheet3.xml.rels
20:38:58.224 [main] DEBUG org.apache.poi.openxml4j.opc.PackageRelationshipCollection - Parsing relationship: /_rels/.rels
20:38:58.244 [main] DEBUG org.apache.poi.ooxml.POIXMLFactory - using default POIXMLDocumentPart for http://schemas.openxmlformats.org/officeDocument/2006/relationships/printerSettings
20:38:58.283 [main] DEBUG org.apache.poi.openxml4j.opc.PackageRelationshipCollection - Parsing relationship: /xl/_rels/workbook.xml.rels
20:38:58.285 [main] DEBUG org.apache.poi.openxml4j.opc.PackageRelationshipCollection - Parsing relationship: /xl/worksheets/_rels/sheet2.xml.rels
20:38:58.286 [main] DEBUG org.apache.poi.openxml4j.opc.PackageRelationshipCollection - Parsing relationship: /xl/worksheets/_rels/sheet3.xml.rels
20:38:58.289 [main] DEBUG org.apache.poi.openxml4j.opc.PackageRelationshipCollection - Parsing relationship: /_rels/.rels
20:38:58.310 [main] DEBUG org.apache.poi.ooxml.POIXMLFactory - using default POIXMLDocumentPart for http://schemas.openxmlformats.org/officeDocument/2006/relationships/printerSettings
20:38:58.356 [main] DEBUG org.apache.poi.openxml4j.opc.PackageRelationshipCollection - Parsing relationship: /xl/_rels/workbook.xml.rels
20:38:58.358 [main] DEBUG org.apache.poi.openxml4j.opc.PackageRelationshipCollection - Parsing relationship: /xl/worksheets/_rels/sheet2.xml.rels
20:38:58.360 [main] DEBUG org.apache.poi.openxml4j.opc.PackageRelationshipCollection - Parsing relationship: /xl/worksheets/_rels/sheet3.xml.rels
20:38:58.363 [main] DEBUG org.apache.poi.openxml4j.opc.PackageRelationshipCollection - Parsing relationship: /_rels/.rels
20:38:58.389 [main] DEBUG org.apache.poi.ooxml.POIXMLFactory - using default POIXMLDocumentPart for http://schemas.openxmlformats.org/officeDocument/2006/relationships/printerSettings
20:38:58.432 [main] DEBUG org.apache.poi.openxml4j.opc.PackageRelationshipCollection - Parsing relationship: /xl/_rels/workbook.xml.rels
20:38:58.435 [main] DEBUG org.apache.poi.openxml4j.opc.PackageRelationshipCollection - Parsing relationship: /xl/worksheets/_rels/sheet2.xml.rels
20:38:58.437 [main] DEBUG org.apache.poi.openxml4j.opc.PackageRelationshipCollection - Parsing relationship: /xl/worksheets/_rels/sheet3.xml.rels
20:38:58.439 [main] DEBUG org.apache.poi.openxml4j.opc.PackageRelationshipCollection - Parsing relationship: /_rels/.rels
20:38:58.459 [main] DEBUG org.apache.poi.ooxml.POIXMLFactory - using default POIXMLDocumentPart for http://schemas.openxmlformats.org/officeDocument/2006/relationships/printerSettings
20:38:58.494 [main] DEBUG org.apache.poi.openxml4j.opc.PackageRelationshipCollection - Parsing relationship: /xl/_rels/workbook.xml.rels
20:38:58.496 [main] DEBUG org.apache.poi.openxml4j.opc.PackageRelationshipCollection - Parsing relationship: /xl/worksheets/_rels/sheet2.xml.rels
20:38:58.497 [main] DEBUG org.apache.poi.openxml4j.opc.PackageRelationshipCollection - Parsing relationship: /xl/worksheets/_rels/sheet3.xml.rels
20:38:58.499 [main] DEBUG org.apache.poi.openxml4j.opc.PackageRelationshipCollection - Parsing relationship: /_rels/.rels
20:38:58.518 [main] DEBUG org.apache.poi.ooxml.POIXMLFactory - using default POIXMLDocumentPart for http://schemas.openxmlformats.org/officeDocument/2006/relationships/printerSettings
20:38:58.554 [main] DEBUG org.apache.poi.openxml4j.opc.PackageRelationshipCollection - Parsing relationship: /xl/_rels/workbook.xml.rels
20:38:58.556 [main] DEBUG org.apache.poi.openxml4j.opc.PackageRelationshipCollection - Parsing relationship: /xl/worksheets/_rels/sheet2.xml.rels
20:38:58.557 [main] DEBUG org.apache.poi.openxml4j.opc.PackageRelationshipCollection - Parsing relationship: /xl/worksheets/_rels/sheet3.xml.rels
20:38:58.559 [main] DEBUG org.apache.poi.openxml4j.opc.PackageRelationshipCollection - Parsing relationship: /_rels/.rels
20:38:58.575 [main] DEBUG org.apache.poi.ooxml.POIXMLFactory - using default POIXMLDocumentPart for http://schemas.openxmlformats.org/officeDocument/2006/relationships/printerSettings
20:38:58.610 [main] DEBUG org.apache.poi.openxml4j.opc.PackageRelationshipCollection - Parsing relationship: /xl/_rels/workbook.xml.rels
20:38:58.611 [main] DEBUG org.apache.poi.openxml4j.opc.PackageRelationshipCollection - Parsing relationship: /xl/worksheets/_rels/sheet2.xml.rels
20:38:58.613 [main] DEBUG org.apache.poi.openxml4j.opc.PackageRelationshipCollection - Parsing relationship: /xl/worksheets/_rels/sheet3.xml.rels
20:38:58.615 [main] DEBUG org.apache.poi.openxml4j.opc.PackageRelationshipCollection - Parsing relationship: /_rels/.rels
20:38:58.645 [main] DEBUG org.apache.poi.ooxml.POIXMLFactory - using default POIXMLDocumentPart for http://schemas.openxmlformats.org/officeDocument/2006/relationships/printerSettings
20:38:58.687 [main] DEBUG org.apache.poi.openxml4j.opc.PackageRelationshipCollection - Parsing relationship: /xl/_rels/workbook.xml.rels
20:38:58.688 [main] DEBUG org.apache.poi.openxml4j.opc.PackageRelationshipCollection - Parsing relationship: /xl/worksheets/_rels/sheet2.xml.rels
20:38:58.690 [main] DEBUG org.apache.poi.openxml4j.opc.PackageRelationshipCollection - Parsing relationship: /xl/worksheets/_rels/sheet3.xml.rels
20:38:58.693 [main] DEBUG org.apache.poi.openxml4j.opc.PackageRelationshipCollection - Parsing relationship: /_rels/.rels
20:38:58.711 [main] DEBUG org.apache.poi.ooxml.POIXMLFactory - using default POIXMLDocumentPart for http://schemas.openxmlformats.org/officeDocument/2006/relationships/printerSettings
20:38:58.763 [main] DEBUG org.apache.poi.openxml4j.opc.PackageRelationshipCollection - Parsing relationship: /xl/_rels/workbook.xml.rels
20:38:58.765 [main] DEBUG org.apache.poi.openxml4j.opc.PackageRelationshipCollection - Parsing relationship: /xl/worksheets/_rels/sheet2.xml.rels
20:38:58.767 [main] DEBUG org.apache.poi.openxml4j.opc.PackageRelationshipCollection - Parsing relationship: /xl/worksheets/_rels/sheet3.xml.rels
20:38:58.768 [main] DEBUG org.apache.poi.openxml4j.opc.PackageRelationshipCollection - Parsing relationship: /_rels/.rels
20:38:58.795 [main] DEBUG org.apache.poi.ooxml.POIXMLFactory - using default POIXMLDocumentPart for http://schemas.openxmlformats.org/officeDocument/2006/relationships/printerSettings
20:38:58.873 [main] DEBUG org.apache.poi.openxml4j.opc.PackageRelationshipCollection - Parsing relationship: /xl/_rels/workbook.xml.rels
20:38:58.875 [main] DEBUG org.apache.poi.openxml4j.opc.PackageRelationshipCollection - Parsing relationship: /xl/worksheets/_rels/sheet2.xml.rels
20:38:58.876 [main] DEBUG org.apache.poi.openxml4j.opc.PackageRelationshipCollection - Parsing relationship: /xl/worksheets/_rels/sheet3.xml.rels
20:38:58.878 [main] DEBUG org.apache.poi.openxml4j.opc.PackageRelationshipCollection - Parsing relationship: /_rels/.rels
20:38:58.899 [main] DEBUG org.apache.poi.ooxml.POIXMLFactory - using default POIXMLDocumentPart for http://schemas.openxmlformats.org/officeDocument/2006/relationships/printerSettings
20:38:58.928 [main] DEBUG org.apache.poi.openxml4j.opc.PackageRelationshipCollection - Parsing relationship: /xl/_rels/workbook.xml.rels
20:38:58.930 [main] DEBUG org.apache.poi.openxml4j.opc.PackageRelationshipCollection - Parsing relationship: /xl/worksheets/_rels/sheet2.xml.rels
20:38:58.931 [main] DEBUG org.apache.poi.openxml4j.opc.PackageRelationshipCollection - Parsing relationship: /xl/worksheets/_rels/sheet3.xml.rels
20:38:58.932 [main] DEBUG org.apache.poi.openxml4j.opc.PackageRelationshipCollection - Parsing relationship: /_rels/.rels
20:38:58.949 [main] DEBUG org.apache.poi.ooxml.POIXMLFactory - using default POIXMLDocumentPart for http://schemas.openxmlformats.org/officeDocument/2006/relationships/printerSettings
20:38:58.981 [main] DEBUG org.apache.poi.openxml4j.opc.PackageRelationshipCollection - Parsing relationship: /xl/_rels/workbook.xml.rels
20:38:58.982 [main] DEBUG org.apache.poi.openxml4j.opc.PackageRelationshipCollection - Parsing relationship: /xl/worksheets/_rels/sheet2.xml.rels
20:38:58.984 [main] DEBUG org.apache.poi.openxml4j.opc.PackageRelationshipCollection - Parsing relationship: /xl/worksheets/_rels/sheet3.xml.rels
20:38:58.985 [main] DEBUG org.apache.poi.openxml4j.opc.PackageRelationshipCollection - Parsing relationship: /_rels/.rels
20:38:59.001 [main] DEBUG org.apache.poi.ooxml.POIXMLFactory - using default POIXMLDocumentPart for http://schemas.openxmlformats.org/officeDocument/2006/relationships/printerSettings
20:38:59.031 [main] DEBUG org.apache.poi.openxml4j.opc.PackageRelationshipCollection - Parsing relationship: /xl/_rels/workbook.xml.rels
20:38:59.033 [main] DEBUG org.apache.poi.openxml4j.opc.PackageRelationshipCollection - Parsing relationship: /xl/worksheets/_rels/sheet2.xml.rels
20:38:59.035 [main] DEBUG org.apache.poi.openxml4j.opc.PackageRelationshipCollection - Parsing relationship: /xl/worksheets/_rels/sheet3.xml.rels
20:38:59.036 [main] DEBUG org.apache.poi.openxml4j.opc.PackageRelationshipCollection - Parsing relationship: /_rels/.rels
20:38:59.052 [main] DEBUG org.apache.poi.ooxml.POIXMLFactory - using default POIXMLDocumentPart for http://schemas.openxmlformats.org/officeDocument/2006/relationships/printerSettings
20:38:59.086 [main] DEBUG org.apache.poi.openxml4j.opc.PackageRelationshipCollection - Parsing relationship: /xl/_rels/workbook.xml.rels
20:38:59.089 [main] DEBUG org.apache.poi.openxml4j.opc.PackageRelationshipCollection - Parsing relationship: /xl/worksheets/_rels/sheet2.xml.rels
20:38:59.091 [main] DEBUG org.apache.poi.openxml4j.opc.PackageRelationshipCollection - Parsing relationship: /xl/worksheets/_rels/sheet3.xml.rels
20:38:59.092 [main] DEBUG org.apache.poi.openxml4j.opc.PackageRelationshipCollection - Parsing relationship: /_rels/.rels
20:38:59.105 [main] DEBUG org.apache.poi.ooxml.POIXMLFactory - using default POIXMLDocumentPart for http://schemas.openxmlformats.org/officeDocument/2006/relationships/printerSettings
20:39:00.773 [main] INFO  testCases.TC003_LoginDDT - *********  Starting TC_003_LoginDDT *******
20:39:02.946 [main] INFO  testCases.TC003_LoginDDT - Clicked MyAccount
20:39:04.768 [main] INFO  testCases.TC003_LoginDDT - Clicked MyAccount
20:39:04.769 [main] INFO  testCases.TC003_LoginDDT - Providing login details
20:39:08.546 [main] INFO  testCases.TC003_LoginDDT - Verifying Myaccount Page
20:39:09.300 [main] INFO  testCases.TC003_LoginDDT - *********  Finished TC_003_LoginDDT *******
20:39:09.321 [main] INFO  testCases.TC003_LoginDDT - *********  Starting TC_003_LoginDDT *******
20:39:09.455 [main] INFO  testCases.TC003_LoginDDT - Clicked MyAccount
20:39:09.784 [main] INFO  testCases.TC003_LoginDDT - Clicked MyAccount
20:39:09.789 [main] INFO  testCases.TC003_LoginDDT - Providing login details
20:39:11.095 [main] INFO  testCases.TC003_LoginDDT - Verifying Myaccount Page
20:39:21.278 [main] INFO  testCases.TC003_LoginDDT - *********  Finished TC_003_LoginDDT *******
20:39:21.287 [main] INFO  testCases.TC003_LoginDDT - *********  Starting TC_003_LoginDDT *******
20:39:21.426 [main] INFO  testCases.TC003_LoginDDT - Clicked MyAccount
20:39:21.799 [main] INFO  testCases.TC003_LoginDDT - Clicked MyAccount
20:39:21.799 [main] INFO  testCases.TC003_LoginDDT - Providing login details
20:39:22.323 [main] INFO  testCases.TC003_LoginDDT - Verifying Myaccount Page
20:39:33.157 [main] INFO  testCases.TC003_LoginDDT - *********  Finished TC_003_LoginDDT *******
20:39:33.168 [main] INFO  testCases.TC003_LoginDDT - *********  Starting TC_003_LoginDDT *******
20:39:33.267 [main] INFO  testCases.TC003_LoginDDT - Clicked MyAccount
20:39:33.634 [main] INFO  testCases.TC003_LoginDDT - Clicked MyAccount
20:39:33.635 [main] INFO  testCases.TC003_LoginDDT - Providing login details
20:39:34.060 [main] INFO  testCases.TC003_LoginDDT - Verifying Myaccount Page
20:39:44.805 [main] INFO  testCases.TC003_LoginDDT - *********  Finished TC_003_LoginDDT *******
20:39:44.818 [main] INFO  testCases.TC003_LoginDDT - *********  Starting TC_003_LoginDDT *******
20:39:44.936 [main] INFO  testCases.TC003_LoginDDT - Clicked MyAccount
20:39:45.286 [main] INFO  testCases.TC003_LoginDDT - Clicked MyAccount
20:39:45.286 [main] INFO  testCases.TC003_LoginDDT - Providing login details
20:39:45.690 [main] INFO  testCases.TC003_LoginDDT - Verifying Myaccount Page
20:39:47.017 [main] INFO  testCases.TC003_LoginDDT - *********  Finished TC_003_LoginDDT *******
20:46:21.997 [main] DEBUG org.testng.TestNG - suiteXmlPath: "E:\Java_Practice\OpenCartv1\master.xml"
20:46:22.658 [main] INFO  org.testng.internal.Utils - [TestNG] Running:
  E:\Java_Practice\OpenCartv1\master.xml

20:46:53.332 [main] DEBUG org.apache.poi.openxml4j.opc.PackageRelationshipCollection - Parsing relationship: /xl/_rels/workbook.xml.rels
20:46:53.339 [main] DEBUG org.apache.poi.openxml4j.opc.PackageRelationshipCollection - Parsing relationship: /xl/worksheets/_rels/sheet2.xml.rels
20:46:53.342 [main] DEBUG org.apache.poi.openxml4j.opc.PackageRelationshipCollection - Parsing relationship: /xl/worksheets/_rels/sheet3.xml.rels
20:46:53.347 [main] DEBUG org.apache.poi.openxml4j.opc.PackageRelationshipCollection - Parsing relationship: /_rels/.rels
20:46:54.462 [main] DEBUG org.apache.poi.ooxml.POIXMLFactory - using default POIXMLDocumentPart for http://schemas.openxmlformats.org/officeDocument/2006/relationships/printerSettings
20:46:55.064 [main] DEBUG org.apache.poi.openxml4j.opc.PackageRelationshipCollection - Parsing relationship: /xl/_rels/workbook.xml.rels
20:46:55.067 [main] DEBUG org.apache.poi.openxml4j.opc.PackageRelationshipCollection - Parsing relationship: /xl/worksheets/_rels/sheet2.xml.rels
20:46:55.069 [main] DEBUG org.apache.poi.openxml4j.opc.PackageRelationshipCollection - Parsing relationship: /xl/worksheets/_rels/sheet3.xml.rels
20:46:55.071 [main] DEBUG org.apache.poi.openxml4j.opc.PackageRelationshipCollection - Parsing relationship: /_rels/.rels
20:46:55.105 [main] DEBUG org.apache.poi.ooxml.POIXMLFactory - using default POIXMLDocumentPart for http://schemas.openxmlformats.org/officeDocument/2006/relationships/printerSettings
20:46:55.162 [main] DEBUG org.apache.poi.openxml4j.opc.PackageRelationshipCollection - Parsing relationship: /xl/_rels/workbook.xml.rels
20:46:55.165 [main] DEBUG org.apache.poi.openxml4j.opc.PackageRelationshipCollection - Parsing relationship: /xl/worksheets/_rels/sheet2.xml.rels
20:46:55.167 [main] DEBUG org.apache.poi.openxml4j.opc.PackageRelationshipCollection - Parsing relationship: /xl/worksheets/_rels/sheet3.xml.rels
20:46:55.169 [main] DEBUG org.apache.poi.openxml4j.opc.PackageRelationshipCollection - Parsing relationship: /_rels/.rels
20:46:55.203 [main] DEBUG org.apache.poi.ooxml.POIXMLFactory - using default POIXMLDocumentPart for http://schemas.openxmlformats.org/officeDocument/2006/relationships/printerSettings
20:46:55.272 [main] DEBUG org.apache.poi.openxml4j.opc.PackageRelationshipCollection - Parsing relationship: /xl/_rels/workbook.xml.rels
20:46:55.276 [main] DEBUG org.apache.poi.openxml4j.opc.PackageRelationshipCollection - Parsing relationship: /xl/worksheets/_rels/sheet2.xml.rels
20:46:55.277 [main] DEBUG org.apache.poi.openxml4j.opc.PackageRelationshipCollection - Parsing relationship: /xl/worksheets/_rels/sheet3.xml.rels
20:46:55.279 [main] DEBUG org.apache.poi.openxml4j.opc.PackageRelationshipCollection - Parsing relationship: /_rels/.rels
20:46:55.364 [main] DEBUG org.apache.poi.ooxml.POIXMLFactory - using default POIXMLDocumentPart for http://schemas.openxmlformats.org/officeDocument/2006/relationships/printerSettings
20:46:55.441 [main] DEBUG org.apache.poi.openxml4j.opc.PackageRelationshipCollection - Parsing relationship: /xl/_rels/workbook.xml.rels
20:46:55.443 [main] DEBUG org.apache.poi.openxml4j.opc.PackageRelationshipCollection - Parsing relationship: /xl/worksheets/_rels/sheet2.xml.rels
20:46:55.445 [main] DEBUG org.apache.poi.openxml4j.opc.PackageRelationshipCollection - Parsing relationship: /xl/worksheets/_rels/sheet3.xml.rels
20:46:55.447 [main] DEBUG org.apache.poi.openxml4j.opc.PackageRelationshipCollection - Parsing relationship: /_rels/.rels
20:46:55.491 [main] DEBUG org.apache.poi.ooxml.POIXMLFactory - using default POIXMLDocumentPart for http://schemas.openxmlformats.org/officeDocument/2006/relationships/printerSettings
20:46:55.579 [main] DEBUG org.apache.poi.openxml4j.opc.PackageRelationshipCollection - Parsing relationship: /xl/_rels/workbook.xml.rels
20:46:55.581 [main] DEBUG org.apache.poi.openxml4j.opc.PackageRelationshipCollection - Parsing relationship: /xl/worksheets/_rels/sheet2.xml.rels
20:46:55.582 [main] DEBUG org.apache.poi.openxml4j.opc.PackageRelationshipCollection - Parsing relationship: /xl/worksheets/_rels/sheet3.xml.rels
20:46:55.588 [main] DEBUG org.apache.poi.openxml4j.opc.PackageRelationshipCollection - Parsing relationship: /_rels/.rels
20:46:55.615 [main] DEBUG org.apache.poi.ooxml.POIXMLFactory - using default POIXMLDocumentPart for http://schemas.openxmlformats.org/officeDocument/2006/relationships/printerSettings
20:46:55.659 [main] DEBUG org.apache.poi.openxml4j.opc.PackageRelationshipCollection - Parsing relationship: /xl/_rels/workbook.xml.rels
20:46:55.661 [main] DEBUG org.apache.poi.openxml4j.opc.PackageRelationshipCollection - Parsing relationship: /xl/worksheets/_rels/sheet2.xml.rels
20:46:55.663 [main] DEBUG org.apache.poi.openxml4j.opc.PackageRelationshipCollection - Parsing relationship: /xl/worksheets/_rels/sheet3.xml.rels
20:46:55.665 [main] DEBUG org.apache.poi.openxml4j.opc.PackageRelationshipCollection - Parsing relationship: /_rels/.rels
20:46:55.691 [main] DEBUG org.apache.poi.ooxml.POIXMLFactory - using default POIXMLDocumentPart for http://schemas.openxmlformats.org/officeDocument/2006/relationships/printerSettings
20:46:55.730 [main] DEBUG org.apache.poi.openxml4j.opc.PackageRelationshipCollection - Parsing relationship: /xl/_rels/workbook.xml.rels
20:46:55.731 [main] DEBUG org.apache.poi.openxml4j.opc.PackageRelationshipCollection - Parsing relationship: /xl/worksheets/_rels/sheet2.xml.rels
20:46:55.734 [main] DEBUG org.apache.poi.openxml4j.opc.PackageRelationshipCollection - Parsing relationship: /xl/worksheets/_rels/sheet3.xml.rels
20:46:55.736 [main] DEBUG org.apache.poi.openxml4j.opc.PackageRelationshipCollection - Parsing relationship: /_rels/.rels
20:46:55.756 [main] DEBUG org.apache.poi.ooxml.POIXMLFactory - using default POIXMLDocumentPart for http://schemas.openxmlformats.org/officeDocument/2006/relationships/printerSettings
20:46:55.795 [main] DEBUG org.apache.poi.openxml4j.opc.PackageRelationshipCollection - Parsing relationship: /xl/_rels/workbook.xml.rels
20:46:55.797 [main] DEBUG org.apache.poi.openxml4j.opc.PackageRelationshipCollection - Parsing relationship: /xl/worksheets/_rels/sheet2.xml.rels
20:46:55.799 [main] DEBUG org.apache.poi.openxml4j.opc.PackageRelationshipCollection - Parsing relationship: /xl/worksheets/_rels/sheet3.xml.rels
20:46:55.801 [main] DEBUG org.apache.poi.openxml4j.opc.PackageRelationshipCollection - Parsing relationship: /_rels/.rels
20:46:55.820 [main] DEBUG org.apache.poi.ooxml.POIXMLFactory - using default POIXMLDocumentPart for http://schemas.openxmlformats.org/officeDocument/2006/relationships/printerSettings
20:46:55.859 [main] DEBUG org.apache.poi.openxml4j.opc.PackageRelationshipCollection - Parsing relationship: /xl/_rels/workbook.xml.rels
20:46:55.861 [main] DEBUG org.apache.poi.openxml4j.opc.PackageRelationshipCollection - Parsing relationship: /xl/worksheets/_rels/sheet2.xml.rels
20:46:55.863 [main] DEBUG org.apache.poi.openxml4j.opc.PackageRelationshipCollection - Parsing relationship: /xl/worksheets/_rels/sheet3.xml.rels
20:46:55.864 [main] DEBUG org.apache.poi.openxml4j.opc.PackageRelationshipCollection - Parsing relationship: /_rels/.rels
20:46:55.894 [main] DEBUG org.apache.poi.ooxml.POIXMLFactory - using default POIXMLDocumentPart for http://schemas.openxmlformats.org/officeDocument/2006/relationships/printerSettings
20:46:55.991 [main] DEBUG org.apache.poi.openxml4j.opc.PackageRelationshipCollection - Parsing relationship: /xl/_rels/workbook.xml.rels
20:46:55.993 [main] DEBUG org.apache.poi.openxml4j.opc.PackageRelationshipCollection - Parsing relationship: /xl/worksheets/_rels/sheet2.xml.rels
20:46:55.995 [main] DEBUG org.apache.poi.openxml4j.opc.PackageRelationshipCollection - Parsing relationship: /xl/worksheets/_rels/sheet3.xml.rels
20:46:55.997 [main] DEBUG org.apache.poi.openxml4j.opc.PackageRelationshipCollection - Parsing relationship: /_rels/.rels
20:46:56.046 [main] DEBUG org.apache.poi.ooxml.POIXMLFactory - using default POIXMLDocumentPart for http://schemas.openxmlformats.org/officeDocument/2006/relationships/printerSettings
20:46:56.156 [main] DEBUG org.apache.poi.openxml4j.opc.PackageRelationshipCollection - Parsing relationship: /xl/_rels/workbook.xml.rels
20:46:56.159 [main] DEBUG org.apache.poi.openxml4j.opc.PackageRelationshipCollection - Parsing relationship: /xl/worksheets/_rels/sheet2.xml.rels
20:46:56.161 [main] DEBUG org.apache.poi.openxml4j.opc.PackageRelationshipCollection - Parsing relationship: /xl/worksheets/_rels/sheet3.xml.rels
20:46:56.163 [main] DEBUG org.apache.poi.openxml4j.opc.PackageRelationshipCollection - Parsing relationship: /_rels/.rels
20:46:56.182 [main] DEBUG org.apache.poi.ooxml.POIXMLFactory - using default POIXMLDocumentPart for http://schemas.openxmlformats.org/officeDocument/2006/relationships/printerSettings
20:46:56.212 [main] DEBUG org.apache.poi.openxml4j.opc.PackageRelationshipCollection - Parsing relationship: /xl/_rels/workbook.xml.rels
20:46:56.214 [main] DEBUG org.apache.poi.openxml4j.opc.PackageRelationshipCollection - Parsing relationship: /xl/worksheets/_rels/sheet2.xml.rels
20:46:56.215 [main] DEBUG org.apache.poi.openxml4j.opc.PackageRelationshipCollection - Parsing relationship: /xl/worksheets/_rels/sheet3.xml.rels
20:46:56.218 [main] DEBUG org.apache.poi.openxml4j.opc.PackageRelationshipCollection - Parsing relationship: /_rels/.rels
20:46:56.231 [main] DEBUG org.apache.poi.ooxml.POIXMLFactory - using default POIXMLDocumentPart for http://schemas.openxmlformats.org/officeDocument/2006/relationships/printerSettings
20:46:56.261 [main] DEBUG org.apache.poi.openxml4j.opc.PackageRelationshipCollection - Parsing relationship: /xl/_rels/workbook.xml.rels
20:46:56.262 [main] DEBUG org.apache.poi.openxml4j.opc.PackageRelationshipCollection - Parsing relationship: /xl/worksheets/_rels/sheet2.xml.rels
20:46:56.263 [main] DEBUG org.apache.poi.openxml4j.opc.PackageRelationshipCollection - Parsing relationship: /xl/worksheets/_rels/sheet3.xml.rels
20:46:56.264 [main] DEBUG org.apache.poi.openxml4j.opc.PackageRelationshipCollection - Parsing relationship: /_rels/.rels
20:46:56.277 [main] DEBUG org.apache.poi.ooxml.POIXMLFactory - using default POIXMLDocumentPart for http://schemas.openxmlformats.org/officeDocument/2006/relationships/printerSettings
20:46:56.303 [main] DEBUG org.apache.poi.openxml4j.opc.PackageRelationshipCollection - Parsing relationship: /xl/_rels/workbook.xml.rels
20:46:56.305 [main] DEBUG org.apache.poi.openxml4j.opc.PackageRelationshipCollection - Parsing relationship: /xl/worksheets/_rels/sheet2.xml.rels
20:46:56.306 [main] DEBUG org.apache.poi.openxml4j.opc.PackageRelationshipCollection - Parsing relationship: /xl/worksheets/_rels/sheet3.xml.rels
20:46:56.307 [main] DEBUG org.apache.poi.openxml4j.opc.PackageRelationshipCollection - Parsing relationship: /_rels/.rels
20:46:56.322 [main] DEBUG org.apache.poi.ooxml.POIXMLFactory - using default POIXMLDocumentPart for http://schemas.openxmlformats.org/officeDocument/2006/relationships/printerSettings
20:46:56.347 [main] DEBUG org.apache.poi.openxml4j.opc.PackageRelationshipCollection - Parsing relationship: /xl/_rels/workbook.xml.rels
20:46:56.349 [main] DEBUG org.apache.poi.openxml4j.opc.PackageRelationshipCollection - Parsing relationship: /xl/worksheets/_rels/sheet2.xml.rels
20:46:56.351 [main] DEBUG org.apache.poi.openxml4j.opc.PackageRelationshipCollection - Parsing relationship: /xl/worksheets/_rels/sheet3.xml.rels
20:46:56.352 [main] DEBUG org.apache.poi.openxml4j.opc.PackageRelationshipCollection - Parsing relationship: /_rels/.rels
20:46:56.363 [main] DEBUG org.apache.poi.ooxml.POIXMLFactory - using default POIXMLDocumentPart for http://schemas.openxmlformats.org/officeDocument/2006/relationships/printerSettings
20:46:56.387 [main] DEBUG org.apache.poi.openxml4j.opc.PackageRelationshipCollection - Parsing relationship: /xl/_rels/workbook.xml.rels
20:46:56.389 [main] DEBUG org.apache.poi.openxml4j.opc.PackageRelationshipCollection - Parsing relationship: /xl/worksheets/_rels/sheet2.xml.rels
20:46:56.390 [main] DEBUG org.apache.poi.openxml4j.opc.PackageRelationshipCollection - Parsing relationship: /xl/worksheets/_rels/sheet3.xml.rels
20:46:56.392 [main] DEBUG org.apache.poi.openxml4j.opc.PackageRelationshipCollection - Parsing relationship: /_rels/.rels
20:46:56.403 [main] DEBUG org.apache.poi.ooxml.POIXMLFactory - using default POIXMLDocumentPart for http://schemas.openxmlformats.org/officeDocument/2006/relationships/printerSettings
20:46:56.510 [main] INFO  testCases.TC003_LoginDDT - *********  Starting TC_003_LoginDDT *******
20:46:58.973 [main] INFO  testCases.TC003_LoginDDT - Clicked MyAccount
20:47:00.323 [main] INFO  testCases.TC003_LoginDDT - Clicked MyAccount
20:47:00.323 [main] INFO  testCases.TC003_LoginDDT - Providing login details
20:47:02.898 [main] INFO  testCases.TC003_LoginDDT - Verifying Myaccount Page
20:47:03.561 [main] INFO  testCases.TC003_LoginDDT - Valid credentials given and it got logged in successfully, working as expected...
20:47:03.570 [main] INFO  testCases.TC003_LoginDDT - *********  Finished TC_003_LoginDDT *******
20:47:03.579 [main] INFO  testCases.TC003_LoginDDT - *********  Starting TC_003_LoginDDT *******
20:47:03.679 [main] INFO  testCases.TC003_LoginDDT - Clicked MyAccount
20:47:04.021 [main] INFO  testCases.TC003_LoginDDT - Clicked MyAccount
20:47:04.021 [main] INFO  testCases.TC003_LoginDDT - Providing login details
20:47:04.473 [main] INFO  testCases.TC003_LoginDDT - Verifying Myaccount Page
20:47:15.568 [main] INFO  testCases.TC003_LoginDDT - Invalid credentials given and it didnt loggin, working as expected...
20:47:15.568 [main] INFO  testCases.TC003_LoginDDT - *********  Finished TC_003_LoginDDT *******
20:47:15.581 [main] INFO  testCases.TC003_LoginDDT - *********  Starting TC_003_LoginDDT *******
20:47:15.702 [main] INFO  testCases.TC003_LoginDDT - Clicked MyAccount
20:47:16.110 [main] INFO  testCases.TC003_LoginDDT - Clicked MyAccount
20:47:16.110 [main] INFO  testCases.TC003_LoginDDT - Providing login details
20:47:17.363 [main] INFO  testCases.TC003_LoginDDT - Verifying Myaccount Page
20:47:27.436 [main] INFO  testCases.TC003_LoginDDT - Invalid credentials given and it didnt loggin, working as expected...
20:47:27.436 [main] INFO  testCases.TC003_LoginDDT - *********  Finished TC_003_LoginDDT *******
20:47:27.448 [main] INFO  testCases.TC003_LoginDDT - *********  Starting TC_003_LoginDDT *******
20:47:27.569 [main] INFO  testCases.TC003_LoginDDT - Clicked MyAccount
20:47:28.031 [main] INFO  testCases.TC003_LoginDDT - Clicked MyAccount
20:47:28.032 [main] INFO  testCases.TC003_LoginDDT - Providing login details
20:47:28.397 [main] INFO  testCases.TC003_LoginDDT - Verifying Myaccount Page
20:47:38.457 [main] INFO  testCases.TC003_LoginDDT - Invalid credentials given and it didnt loggin, working as expected...
20:47:38.457 [main] INFO  testCases.TC003_LoginDDT - *********  Finished TC_003_LoginDDT *******
20:47:38.467 [main] INFO  testCases.TC003_LoginDDT - *********  Starting TC_003_LoginDDT *******
20:47:38.591 [main] INFO  testCases.TC003_LoginDDT - Clicked MyAccount
20:47:38.944 [main] INFO  testCases.TC003_LoginDDT - Clicked MyAccount
20:47:38.944 [main] INFO  testCases.TC003_LoginDDT - Providing login details
20:47:39.320 [main] INFO  testCases.TC003_LoginDDT - Verifying Myaccount Page
20:47:40.615 [main] INFO  testCases.TC003_LoginDDT - Valid credentials given and it got logged in successfully, working as expected...
20:47:40.616 [main] INFO  testCases.TC003_LoginDDT - *********  Finished TC_003_LoginDDT *******
13:02:55.957 [main] DEBUG org.testng.TestNG - suiteXmlPath: "E:\Java_Practice\OpenCartv1\grouping.xml"
13:02:58.269 [main] INFO  org.testng.internal.Utils - [TestNG] Running:
  E:\Java_Practice\OpenCartv1\grouping.xml

13:06:54.545 [main] DEBUG org.testng.TestNG - suiteXmlPath: "E:\Java_Practice\OpenCartv1\grouping.xml"
13:06:55.168 [main] INFO  org.testng.internal.Utils - [TestNG] Running:
  E:\Java_Practice\OpenCartv1\grouping.xml

13:07:48.517 [main] INFO  testCases.TC002_LoginTest - *********  Starting TC_002_LoginTest *******
13:07:50.728 [main] INFO  testCases.TC002_LoginTest - Clicked MyAccount
13:07:52.423 [main] INFO  testCases.TC002_LoginTest - Clicked MyAccount
13:07:52.424 [main] INFO  testCases.TC002_LoginTest - Providing login details
13:07:57.391 [main] INFO  testCases.TC002_LoginTest - Verifying Myaccount Page
13:07:57.917 [main] INFO  testCases.TC002_LoginTest - *********  Finished TC_002_LoginTest *******
17:00:19.432 [main] DEBUG org.testng.TestNG - suiteXmlPath: "E:\Java_Practice\OpenCartv1\grouping.xml"
17:00:23.628 [main] INFO  org.testng.internal.Utils - [TestNG] Running:
  E:\Java_Practice\OpenCartv1\grouping.xml

17:07:39.544 [main] DEBUG org.testng.TestNG - suiteXmlPath: "E:\Java_Practice\OpenCartv1\grouping.xml"
17:07:40.091 [main] INFO  org.testng.internal.Utils - [TestNG] Running:
  E:\Java_Practice\OpenCartv1\grouping.xml

17:08:51.954 [main] DEBUG org.testng.TestNG - suiteXmlPath: "E:\Java_Practice\OpenCartv1\grouping.xml"
17:08:52.469 [main] INFO  org.testng.internal.Utils - [TestNG] Running:
  E:\Java_Practice\OpenCartv1\grouping.xml

17:10:03.885 [main] INFO  testCases.TC002_LoginTest - *********  Starting TC_002_LoginTest *******
17:10:11.305 [main] INFO  testCases.TC002_LoginTest - Clicked MyAccount
17:10:13.958 [main] INFO  testCases.TC002_LoginTest - Clicked MyAccount
17:10:13.958 [main] INFO  testCases.TC002_LoginTest - Providing login details
17:10:15.212 [main] INFO  testCases.TC002_LoginTest - Verifying Myaccount Page
17:10:16.900 [main] INFO  testCases.TC002_LoginTest - *********  Finished TC_002_LoginTest *******
18:41:50.670 [main] DEBUG org.testng.TestNG - suiteXmlPath: "E:\Java_Practice\OpenCartv1\grouping.xml"
18:41:51.965 [main] INFO  org.testng.internal.Utils - [TestNG] Running:
  E:\Java_Practice\OpenCartv1\grouping.xml

18:45:09.146 [main] DEBUG org.testng.TestNG - suiteXmlPath: "E:\Java_Practice\OpenCartv1\grouping.xml"
18:45:09.648 [main] INFO  org.testng.internal.Utils - [TestNG] Running:
  E:\Java_Practice\OpenCartv1\grouping.xml

11:45:40.317 [main] DEBUG org.testng.TestNG - suiteXmlPath: "E:\Java_Practice\OpenCartv1\grouping.xml"
11:45:42.070 [main] INFO  org.testng.internal.Utils - [TestNG] Running:
  E:\Java_Practice\OpenCartv1\grouping.xml

11:46:55.216 [main] INFO  testCases.TC002_LoginTest - *********  Starting TC_002_LoginTest *******
11:47:01.081 [main] INFO  testCases.TC002_LoginTest - Clicked MyAccount
11:47:02.176 [main] INFO  testCases.TC002_LoginTest - Clicked MyAccount
11:47:02.193 [main] INFO  testCases.TC002_LoginTest - Providing login details
11:47:05.709 [main] INFO  testCases.TC002_LoginTest - Verifying Myaccount Page
11:56:25.920 [main] DEBUG org.testng.TestNG - suiteXmlPath: "E:\Java_Practice\OpenCartv1\grouping.xml"
11:56:26.779 [main] INFO  org.testng.internal.Utils - [TestNG] Running:
  E:\Java_Practice\OpenCartv1\grouping.xml

11:57:17.312 [main] INFO  testCases.TC002_LoginTest - *********  Starting TC_002_LoginTest *******
11:57:18.960 [main] INFO  testCases.TC002_LoginTest - Clicked MyAccount
11:57:19.609 [main] INFO  testCases.TC002_LoginTest - Clicked MyAccount
11:57:19.610 [main] INFO  testCases.TC002_LoginTest - Providing login details
11:57:21.272 [main] INFO  testCases.TC002_LoginTest - Verifying Myaccount Page
12:53:37.773 [main] DEBUG org.testng.TestNG - suiteXmlPath: "E:\Java_Practice\OpenCartv1\test-output\testng-failed.xml"
12:53:39.082 [main] INFO  org.testng.internal.Utils - [TestNG] Running:
  E:\Java_Practice\OpenCartv1\test-output\testng-failed.xml

12:54:28.782 [main] INFO  testCases.TC002_LoginTest - *********  Starting TC_002_LoginTest *******
12:54:30.464 [main] INFO  testCases.TC002_LoginTest - Clicked MyAccount
12:54:31.789 [main] INFO  testCases.TC002_LoginTest - Clicked MyAccount
12:54:31.789 [main] INFO  testCases.TC002_LoginTest - Providing login details
12:54:34.210 [main] INFO  testCases.TC002_LoginTest - Verifying Myaccount Page
12:54:34.422 [main] INFO  testCases.TC002_LoginTest - *********  Finished TC_002_LoginTest *******
13:58:04.860 [main] DEBUG org.testng.TestNG - suiteXmlPath: "E:\Java_Practice\OpenCartv1\master.xml"
13:58:11.182 [main] INFO  org.testng.internal.Utils - [TestNG] Running:
  E:\Java_Practice\OpenCartv1\master.xml

14:04:24.738 [main] DEBUG org.testng.TestNG - suiteXmlPath: "E:\Java_Practice\OpenCartv1\master.xml"
14:04:25.916 [main] INFO  org.testng.internal.Utils - [TestNG] Running:
  E:\Java_Practice\OpenCartv1\master.xml

14:05:14.651 [main] INFO  testCases.TC001_AccountRegistrationTest - *******  Starting TC001_AccountRegistrationTest  *******
14:05:24.497 [main] INFO  testCases.TC001_AccountRegistrationTest - Clicked on Account link
14:05:29.273 [main] INFO  testCases.TC001_AccountRegistrationTest - Clicked on Register link
14:05:30.151 [main] INFO  testCases.TC001_AccountRegistrationTest - Providing Customer Details
14:05:33.573 [main] INFO  testCases.TC001_AccountRegistrationTest - Validating Expected message
14:05:33.737 [main] INFO  testCases.TC001_AccountRegistrationTest - *******  Finished TC001_AccountRegistrationTest  *******
14:05:47.401 [main] INFO  testCases.TC002_LoginTest - *********  Starting TC_002_LoginTest *******
14:05:47.597 [main] INFO  testCases.TC002_LoginTest - Clicked MyAccount
14:05:48.033 [main] INFO  testCases.TC002_LoginTest - Clicked MyAccount
14:05:48.033 [main] INFO  testCases.TC002_LoginTest - Providing login details
14:05:51.190 [main] INFO  testCases.TC002_LoginTest - Verifying Myaccount Page
14:05:51.639 [main] INFO  testCases.TC002_LoginTest - *********  Finished TC_002_LoginTest *******
14:08:01.862 [main] DEBUG org.testng.TestNG - suiteXmlPath: "E:\Java_Practice\OpenCartv1\master.xml"
14:08:02.381 [main] INFO  org.testng.internal.Utils - [TestNG] Running:
  E:\Java_Practice\OpenCartv1\master.xml

14:08:37.589 [main] INFO  testCases.TC001_AccountRegistrationTest - *******  Starting TC001_AccountRegistrationTest  *******
14:08:39.295 [main] INFO  testCases.TC001_AccountRegistrationTest - Clicked on Account link
14:08:44.577 [main] INFO  testCases.TC001_AccountRegistrationTest - Clicked on Register link
14:08:45.025 [main] INFO  testCases.TC001_AccountRegistrationTest - Providing Customer Details
14:08:48.829 [main] INFO  testCases.TC001_AccountRegistrationTest - Validating Expected message
14:08:49.060 [main] INFO  testCases.TC001_AccountRegistrationTest - *******  Finished TC001_AccountRegistrationTest  *******
14:09:02.429 [main] INFO  testCases.TC002_LoginTest - *********  Starting TC_002_LoginTest *******
14:09:02.682 [main] INFO  testCases.TC002_LoginTest - Clicked MyAccount
14:09:03.599 [main] INFO  testCases.TC002_LoginTest - Clicked MyAccount
14:09:03.600 [main] INFO  testCases.TC002_LoginTest - Providing login details
14:09:06.168 [main] INFO  testCases.TC002_LoginTest - Verifying Myaccount Page
14:09:06.584 [main] INFO  testCases.TC002_LoginTest - *********  Finished TC_002_LoginTest *******
11:34:56.403 [main] DEBUG org.testng.TestNG - suiteXmlPath: "E:\Java_Practice\OpenCartv1\master.xml"
11:36:05.482 [main] INFO  testCases.TC001_AccountRegistrationTest - *******  Starting TC001_AccountRegistrationTest  *******
11:36:23.162 [main] INFO  testCases.TC001_AccountRegistrationTest - Clicked on Account link
11:36:26.009 [main] INFO  testCases.TC001_AccountRegistrationTest - Clicked on Register link
11:36:27.273 [main] INFO  testCases.TC001_AccountRegistrationTest - Providing Customer Details
